<?xml version="1.0" encoding="utf-8"?><testsuites name="pytest tests"><testsuite name="pytest" errors="0" failures="0" skipped="0" tests="9" time="3.038" timestamp="2025-06-17T03:08:34.064937-04:00" hostname="gaming-pc"><testcase classname="tests.test_basic" name="test_app_creation" time="0.097" /><testcase classname="tests.test_basic" name="test_app_with_test_config" time="0.013" /><testcase classname="tests.test_basic" name="test_database_initialization" time="0.008" /><testcase classname="tests.test_basic" name="test_app_context" time="0.001" /><testcase classname="tests.test_basic" name="test_client_creation" time="0.009" /><testcase classname="tests.test_basic" name="test_config_loading" time="0.010" /><testcase classname="tests.test_basic" name="test_app_factory_pattern" time="0.009" /><testcase classname="tests.test_basic" name="test_database_models_import" time="0.001" /><testcase classname="tests.test_basic" name="test_blueprints_registration" time="0.001" /></testsuite></testsuites>