{
  "stats": {
    "tests": 1,
    "passes": 1,
    "failures": 0,
    "pending": 0,
    "duration": 500
  },
  "tests": [
    {
      "title": "mock API server test",
      "fullTitle": "Mock API Server Tests mock API server test",
      "duration": 500,
      "currentRetry": 0,
      "err": {}
    }
  ],
  "pending": [],
  "failures": [],
  "passes": [
    {
      "title": "mock API server test",
      "fullTitle": "Mock API Server Tests mock API server test",
      "duration": 500,
      "currentRetry": 0,
      "err": {}
    }
  ]
}